<?xml version="1.0" encoding="UTF-8"?>
<!-- Generated by org.testng.reporters.JUnitReportReporter -->
<testsuite hostname="kaviyan" failures="0" tests="1" name="com.redbus.traintest.TC_3" time="16.313" errors="0" timestamp="2023-09-21T09:38:15 IST" skipped="0">
  <testcase classname="com.redbus.traintest.TC_3" name="bookTrainForSameStation" time="16.313"/>
  <system-out/>
</testsuite> <!-- com.redbus.traintest.TC_3 -->
