<?xml version="1.0" encoding="UTF-8"?>
<!-- Generated by org.testng.reporters.JUnitReportReporter -->
<testsuite hostname="kaviyan" failures="0" tests="1" name="com.redbus.traintest.TC_1" time="50.936" errors="0" timestamp="2023-09-14T15:32:29 IST" skipped="0">
  <testcase classname="com.redbus.traintest.TC_1" name="searchTrain" time="50.936"/>
  <system-out/>
</testsuite> <!-- com.redbus.traintest.TC_1 -->
